  drawable.cpp
  glslprogram.cpp
f:\大学\nus\nus cluster 1\graphic rendering\assignment3\assign3_todo\helper\gldecl.h(4): fatal error C1083: 无法打开包括文件: “GL/glew.h”: No such file or directory
  glutils.cpp
f:\大学\nus\nus cluster 1\graphic rendering\assignment3\assign3_todo\helper\gldecl.h(4): fatal error C1083: 无法打开包括文件: “GL/glew.h”: No such file or directory
  trackball.cc
  vbocube.cpp
f:\大学\nus\nus cluster 1\graphic rendering\assignment3\assign3_todo\helper\gldecl.h(4): fatal error C1083: 无法打开包括文件: “GL/glew.h”: No such file or directory
  vbomesh.cpp
f:\大学\nus\nus cluster 1\graphic rendering\assignment3\assign3_todo\helper\vbomesh.h(8): fatal error C1083: 无法打开包括文件: “glm/glm.hpp”: No such file or directory
  vbomeshadj.cpp
f:\大学\nus\nus cluster 1\graphic rendering\assignment3\assign3_todo\helper\vbomeshadj.h(8): fatal error C1083: 无法打开包括文件: “glm/glm.hpp”: No such file or directory
  vboplane.cpp
f:\大学\nus\nus cluster 1\graphic rendering\assignment3\assign3_todo\helper\gldecl.h(4): fatal error C1083: 无法打开包括文件: “GL/glew.h”: No such file or directory
  vbosphere.cpp
f:\大学\nus\nus cluster 1\graphic rendering\assignment3\assign3_todo\helper\gldecl.h(4): fatal error C1083: 无法打开包括文件: “GL/glew.h”: No such file or directory
  vbosphere2.cpp
f:\大学\nus\nus cluster 1\graphic rendering\assignment3\assign3_todo\helper\gldecl.h(4): fatal error C1083: 无法打开包括文件: “GL/glew.h”: No such file or directory
  vboteapot.cpp
f:\大学\nus\nus cluster 1\graphic rendering\assignment3\assign3_todo\helper\vboteapot.h(5): fatal error C1083: 无法打开包括文件: “glm/glm.hpp”: No such file or directory
  vboteapotpatch.cpp
f:\大学\nus\nus cluster 1\graphic rendering\assignment3\assign3_todo\helper\vboteapotpatch.h(5): fatal error C1083: 无法打开包括文件: “glm/glm.hpp”: No such file or directory
  vbotorus.cpp
f:\大学\nus\nus cluster 1\graphic rendering\assignment3\assign3_todo\helper\gldecl.h(4): fatal error C1083: 无法打开包括文件: “GL/glew.h”: No such file or directory
  main.cpp
f:\大学\nus\nus cluster 1\graphic rendering\assignment3\assign3_todo\main.cpp(14): fatal error C1083: 无法打开包括文件: “GL/glew.h”: No such file or directory
  正在生成代码...
